Watching for file changes with StatReloader
Exception in thread django-main-thread:
Traceback (most recent call last):
  File "/home/shema/anaconda3/lib/python3.11/threading.py", line 1045, in _bootstrap_inner
    self.run()
  File "/home/shema/anaconda3/lib/python3.11/threading.py", line 982, in run
    self._target(*self._args, **self._kwargs)
  File "/home/shema/New Volume data/Projects/InnovationCenter/predict/backend/venv/lib/python3.11/site-packages/django/utils/autoreload.py", line 64, in wrapper
    fn(*args, **kwargs)
  File "/home/shema/New Volume data/Projects/InnovationCenter/predict/backend/venv/lib/python3.11/site-packages/django/core/management/commands/runserver.py", line 133, in inner_run
    self.check(display_num_errors=True)
  File "/home/shema/New Volume data/Projects/InnovationCenter/predict/backend/venv/lib/python3.11/site-packages/django/core/management/base.py", line 485, in check
    all_issues = checks.run_checks(
                 ^^^^^^^^^^^^^^^^^^
  File "/home/shema/New Volume data/Projects/InnovationCenter/predict/backend/venv/lib/python3.11/site-packages/django/core/checks/registry.py", line 88, in run_checks
    new_errors = check(app_configs=app_configs, databases=databases)
                 ^^^^^^^^^^^^^^^^^^^^^^^^^^^^^^^^^^^^^^^^^^^^^^^^^^^
  File "/home/shema/New Volume data/Projects/InnovationCenter/predict/backend/venv/lib/python3.11/site-packages/django/core/checks/urls.py", line 42, in check_url_namespaces_unique
    all_namespaces = _load_all_namespaces(resolver)
                     ^^^^^^^^^^^^^^^^^^^^^^^^^^^^^^
  File "/home/shema/New Volume data/Projects/InnovationCenter/predict/backend/venv/lib/python3.11/site-packages/django/core/checks/urls.py", line 61, in _load_all_namespaces
    url_patterns = getattr(resolver, "url_patterns", [])
                   ^^^^^^^^^^^^^^^^^^^^^^^^^^^^^^^^^^^^^
  File "/home/shema/New Volume data/Projects/InnovationCenter/predict/backend/venv/lib/python3.11/site-packages/django/utils/functional.py", line 57, in __get__
    res = instance.__dict__[self.name] = self.func(instance)
                                         ^^^^^^^^^^^^^^^^^^^
  File "/home/shema/New Volume data/Projects/InnovationCenter/predict/backend/venv/lib/python3.11/site-packages/django/urls/resolvers.py", line 715, in url_patterns
    patterns = getattr(self.urlconf_module, "urlpatterns", self.urlconf_module)
                       ^^^^^^^^^^^^^^^^^^^
  File "/home/shema/New Volume data/Projects/InnovationCenter/predict/backend/venv/lib/python3.11/site-packages/django/utils/functional.py", line 57, in __get__
    res = instance.__dict__[self.name] = self.func(instance)
                                         ^^^^^^^^^^^^^^^^^^^
  File "/home/shema/New Volume data/Projects/InnovationCenter/predict/backend/venv/lib/python3.11/site-packages/django/urls/resolvers.py", line 708, in urlconf_module
    return import_module(self.urlconf_name)
           ^^^^^^^^^^^^^^^^^^^^^^^^^^^^^^^^
  File "/home/shema/anaconda3/lib/python3.11/importlib/__init__.py", line 126, in import_module
    return _bootstrap._gcd_import(name[level:], package, level)
           ^^^^^^^^^^^^^^^^^^^^^^^^^^^^^^^^^^^^^^^^^^^^^^^^^^^^
  File "<frozen importlib._bootstrap>", line 1204, in _gcd_import
  File "<frozen importlib._bootstrap>", line 1176, in _find_and_load
  File "<frozen importlib._bootstrap>", line 1147, in _find_and_load_unlocked
  File "<frozen importlib._bootstrap>", line 690, in _load_unlocked
  File "<frozen importlib._bootstrap_external>", line 940, in exec_module
  File "<frozen importlib._bootstrap>", line 241, in _call_with_frames_removed
  File "/home/shema/New Volume data/Projects/InnovationCenter/predict/backend/health_sphere_backend/urls.py", line 7, in <module>
    path("api/patients/", include("patients.urls")),
                          ^^^^^^^^^^^^^^^^^^^^^^^^
  File "/home/shema/New Volume data/Projects/InnovationCenter/predict/backend/venv/lib/python3.11/site-packages/django/urls/conf.py", line 38, in include
    urlconf_module = import_module(urlconf_module)
                     ^^^^^^^^^^^^^^^^^^^^^^^^^^^^^
  File "/home/shema/anaconda3/lib/python3.11/importlib/__init__.py", line 126, in import_module
    return _bootstrap._gcd_import(name[level:], package, level)
           ^^^^^^^^^^^^^^^^^^^^^^^^^^^^^^^^^^^^^^^^^^^^^^^^^^^^
  File "<frozen importlib._bootstrap>", line 1204, in _gcd_import
  File "<frozen importlib._bootstrap>", line 1176, in _find_and_load
  File "<frozen importlib._bootstrap>", line 1147, in _find_and_load_unlocked
  File "<frozen importlib._bootstrap>", line 690, in _load_unlocked
  File "<frozen importlib._bootstrap_external>", line 940, in exec_module
  File "<frozen importlib._bootstrap>", line 241, in _call_with_frames_removed
  File "/home/shema/New Volume data/Projects/InnovationCenter/predict/backend/patients/urls.py", line 2, in <module>
    from .views import PatientListView, PatientSearchView, PatientDetailView
  File "/home/shema/New Volume data/Projects/InnovationCenter/predict/backend/patients/views.py", line 63, in <module>
    class PatientDetailView(APIView):
  File "/home/shema/New Volume data/Projects/InnovationCenter/predict/backend/patients/views.py", line 67, in PatientDetailView
    permission_classes = [IsAuthenticated, RequirePasswordChange]
                                           ^^^^^^^^^^^^^^^^^^^^^
NameError: name 'RequirePasswordChange' is not defined
/home/shema/New Volume data/Projects/InnovationCenter/predict/backend/patients/views.py changed, reloading.
✅ MongoEngine connected to MongoDB
✅ ML model loaded (version: logistic_v2)
Performing system checks...

Watching for file changes with StatReloader
✅ MongoEngine connected to MongoDB
✅ ML model loaded (version: logistic_v2)
